12:52:52 **** Incremental Build of configuration Debug for project stm32f4466xx_drivers ****
make -j12 all 
arm-none-eabi-gcc "../drivers/Src/stm32f4466xx_usart_driver.c" -mcpu=cortex-m4 -std=gnu11 -g3 -DDEBUG -DSTM32 -DSTM32F4 -DSTM32F446RETx -DNUCLEO_F446RE -c -I"D:/Embedded/Driver_development/stm32f4466xx_drivers/drivers/Inc" -I../Inc -O0 -ffunction-sections -fdata-sections -Wall -fstack-usage -fcyclomatic-complexity -MMD -MP -MF"drivers/Src/stm32f4466xx_usart_driver.d" -MT"drivers/Src/stm32f4466xx_usart_driver.o" --specs=nano.specs -mfpu=fpv4-sp-d16 -mfloat-abi=hard -mthumb -o "drivers/Src/stm32f4466xx_usart_driver.o"
arm-none-eabi-gcc -o "stm32f4466xx_drivers.elf" @"objects.list"   -mcpu=cortex-m4 -T"D:\Embedded\Driver_development\stm32f4466xx_drivers\STM32F446RETX_FLASH.ld" --specs=nosys.specs -Wl,-Map="stm32f4466xx_drivers.map" -Wl,--gc-sections -static -specs=rdimon.specs -lc -lrdimon --specs=nano.specs -mfpu=fpv4-sp-d16 -mfloat-abi=hard -mthumb -Wl,--start-group -lc -lm -Wl,--end-group
Finished building target: stm32f4466xx_drivers.elf
 
arm-none-eabi-size  stm32f4466xx_drivers.elf 
arm-none-eabi-objdump -h -S stm32f4466xx_drivers.elf  > "stm32f4466xx_drivers.list"
   text	   data	    bss	    dec	    hex	filename
   5020	    428	   1620	   7068	   1b9c	stm32f4466xx_drivers.elf
Finished building: default.size.stdout
 
Finished building: stm32f4466xx_drivers.list
 
12:57:24 **** Incremental Build of configuration Debug for project stm32f4466xx_drivers ****
make -j12 all 
arm-none-eabi-gcc "../drivers/Src/stm32f4466xx_usart_driver.c" -mcpu=cortex-m4 -std=gnu11 -g3 -DDEBUG -DSTM32 -DSTM32F4 -DSTM32F446RETx -DNUCLEO_F446RE -c -I"D:/Embedded/Driver_development/stm32f4466xx_drivers/drivers/Inc" -I../Inc -O0 -ffunction-sections -fdata-sections -Wall -fstack-usage -fcyclomatic-complexity -MMD -MP -MF"drivers/Src/stm32f4466xx_usart_driver.d" -MT"drivers/Src/stm32f4466xx_usart_driver.o" --specs=nano.specs -mfpu=fpv4-sp-d16 -mfloat-abi=hard -mthumb -o "drivers/Src/stm32f4466xx_usart_driver.o"
arm-none-eabi-gcc -o "stm32f4466xx_drivers.elf" @"objects.list"   -mcpu=cortex-m4 -T"D:\Embedded\Driver_development\stm32f4466xx_drivers\STM32F446RETX_FLASH.ld" --specs=nosys.specs -Wl,-Map="stm32f4466xx_drivers.map" -Wl,--gc-sections -static -specs=rdimon.specs -lc -lrdimon --specs=nano.specs -mfpu=fpv4-sp-d16 -mfloat-abi=hard -mthumb -Wl,--start-group -lc -lm -Wl,--end-group
Finished building target: stm32f4466xx_drivers.elf
 
arm-none-eabi-size  stm32f4466xx_drivers.elf 
arm-none-eabi-objdump -h -S stm32f4466xx_drivers.elf  > "stm32f4466xx_drivers.list"
   text	   data	    bss	    dec	    hex	filename
   5020	    428	   1620	   7068	   1b9c	stm32f4466xx_drivers.elf
Finished building: default.size.stdout
 
Finished building: stm32f4466xx_drivers.list
 
13:06:13 **** Clean-only build of configuration Debug for project stm32f4466xx_drivers ****
make -j12 clean 
rm -rf ./drivers/Src/stm32f4466xx_gpio_driver.cyclo ./drivers/Src/stm32f4466xx_gpio_driver.d ./drivers/Src/stm32f4466xx_gpio_driver.o ./drivers/Src/stm32f4466xx_gpio_driver.su ./drivers/Src/stm32f4466xx_i2c_driver.cyclo ./drivers/Src/stm32f4466xx_i2c_driver.d ./drivers/Src/stm32f4466xx_i2c_driver.o ./drivers/Src/stm32f4466xx_i2c_driver.su ./drivers/Src/stm32f4466xx_rcc_driver.cyclo ./drivers/Src/stm32f4466xx_rcc_driver.d ./drivers/Src/stm32f4466xx_rcc_driver.o ./drivers/Src/stm32f4466xx_rcc_driver.su ./drivers/Src/stm32f4466xx_spi_driver.cyclo ./drivers/Src/stm32f4466xx_spi_driver.d ./drivers/Src/stm32f4466xx_spi_driver.o ./drivers/Src/stm32f4466xx_spi_driver.su ./drivers/Src/stm32f4466xx_usart_driver.cyclo ./drivers/Src/stm32f4466xx_usart_driver.d ./drivers/Src/stm32f4466xx_usart_driver.o ./drivers/Src/stm32f4466xx_usart_driver.su
rm -rf ./Startup/startup_stm32f446retx.d ./Startup/startup_stm32f446retx.o
rm -rf ./Src/014i2c_slave_tx_string2.cyclo ./Src/014i2c_slave_tx_string2.d ./Src/014i2c_slave_tx_string2.o ./Src/014i2c_slave_tx_string2.su ./Src/sysmem.cyclo ./Src/sysmem.d ./Src/sysmem.o ./Src/sysmem.su
rm -rf default.size.stdout stm32f4466xx_drivers.elf stm32f4466xx_drivers.list stm32f4466xx_drivers.map
rm: can't remove 'stm32f4466xx_drivers.elf': Permission denied
make: [makefile:80: clean] Error 1 (ignored)
 
13:06:14 **** Incremental Build of configuration Debug for project stm32f4466xx_drivers ****
make -j12 all 
arm-none-eabi-gcc "../drivers/Src/stm32f4466xx_gpio_driver.c" -mcpu=cortex-m4 -std=gnu11 -g3 -DDEBUG -DSTM32 -DSTM32F4 -DSTM32F446RETx -DNUCLEO_F446RE -c -I"D:/Embedded/Driver_development/stm32f4466xx_drivers/drivers/Inc" -I../Inc -O0 -ffunction-sections -fdata-sections -Wall -fstack-usage -fcyclomatic-complexity -MMD -MP -MF"drivers/Src/stm32f4466xx_gpio_driver.d" -MT"drivers/Src/stm32f4466xx_gpio_driver.o" --specs=nano.specs -mfpu=fpv4-sp-d16 -mfloat-abi=hard -mthumb -o "drivers/Src/stm32f4466xx_gpio_driver.o"
arm-none-eabi-gcc "../drivers/Src/stm32f4466xx_i2c_driver.c" -mcpu=cortex-m4 -std=gnu11 -g3 -DDEBUG -DSTM32 -DSTM32F4 -DSTM32F446RETx -DNUCLEO_F446RE -c -I"D:/Embedded/Driver_development/stm32f4466xx_drivers/drivers/Inc" -I../Inc -O0 -ffunction-sections -fdata-sections -Wall -fstack-usage -fcyclomatic-complexity -MMD -MP -MF"drivers/Src/stm32f4466xx_i2c_driver.d" -MT"drivers/Src/stm32f4466xx_i2c_driver.o" --specs=nano.specs -mfpu=fpv4-sp-d16 -mfloat-abi=hard -mthumb -o "drivers/Src/stm32f4466xx_i2c_driver.o"
arm-none-eabi-gcc "../drivers/Src/stm32f4466xx_rcc_driver.c" -mcpu=cortex-m4 -std=gnu11 -g3 -DDEBUG -DSTM32 -DSTM32F4 -DSTM32F446RETx -DNUCLEO_F446RE -c -I"D:/Embedded/Driver_development/stm32f4466xx_drivers/drivers/Inc" -I../Inc -O0 -ffunction-sections -fdata-sections -Wall -fstack-usage -fcyclomatic-complexity -MMD -MP -MF"drivers/Src/stm32f4466xx_rcc_driver.d" -MT"drivers/Src/stm32f4466xx_rcc_driver.o" --specs=nano.specs -mfpu=fpv4-sp-d16 -mfloat-abi=hard -mthumb -o "drivers/Src/stm32f4466xx_rcc_driver.o"
arm-none-eabi-gcc "../drivers/Src/stm32f4466xx_spi_driver.c" -mcpu=cortex-m4 -std=gnu11 -g3 -DDEBUG -DSTM32 -DSTM32F4 -DSTM32F446RETx -DNUCLEO_F446RE -c -I"D:/Embedded/Driver_development/stm32f4466xx_drivers/drivers/Inc" -I../Inc -O0 -ffunction-sections -fdata-sections -Wall -fstack-usage -fcyclomatic-complexity -MMD -MP -MF"drivers/Src/stm32f4466xx_spi_driver.d" -MT"drivers/Src/stm32f4466xx_spi_driver.o" --specs=nano.specs -mfpu=fpv4-sp-d16 -mfloat-abi=hard -mthumb -o "drivers/Src/stm32f4466xx_spi_driver.o"
arm-none-eabi-gcc "../drivers/Src/stm32f4466xx_usart_driver.c" -mcpu=cortex-m4 -std=gnu11 -g3 -DDEBUG -DSTM32 -DSTM32F4 -DSTM32F446RETx -DNUCLEO_F446RE -c -I"D:/Embedded/Driver_development/stm32f4466xx_drivers/drivers/Inc" -I../Inc -O0 -ffunction-sections -fdata-sections -Wall -fstack-usage -fcyclomatic-complexity -MMD -MP -MF"drivers/Src/stm32f4466xx_usart_driver.d" -MT"drivers/Src/stm32f4466xx_usart_driver.o" --specs=nano.specs -mfpu=fpv4-sp-d16 -mfloat-abi=hard -mthumb -o "drivers/Src/stm32f4466xx_usart_driver.o"
arm-none-eabi-gcc -mcpu=cortex-m4 -g3 -DDEBUG -c -x assembler-with-cpp -MMD -MP -MF"Startup/startup_stm32f446retx.d" -MT"Startup/startup_stm32f446retx.o" --specs=nano.specs -mfpu=fpv4-sp-d16 -mfloat-abi=hard -mthumb -o "Startup/startup_stm32f446retx.o" "../Startup/startup_stm32f446retx.s"
arm-none-eabi-gcc "../Src/015uart_tx.c" -mcpu=cortex-m4 -std=gnu11 -g3 -DDEBUG -DSTM32 -DSTM32F4 -DSTM32F446RETx -DNUCLEO_F446RE -c -I"D:/Embedded/Driver_development/stm32f4466xx_drivers/drivers/Inc" -I../Inc -O0 -ffunction-sections -fdata-sections -Wall -fstack-usage -fcyclomatic-complexity -MMD -MP -MF"Src/015uart_tx.d" -MT"Src/015uart_tx.o" --specs=nano.specs -mfpu=fpv4-sp-d16 -mfloat-abi=hard -mthumb -o "Src/015uart_tx.o"
arm-none-eabi-gcc "../Src/sysmem.c" -mcpu=cortex-m4 -std=gnu11 -g3 -DDEBUG -DSTM32 -DSTM32F4 -DSTM32F446RETx -DNUCLEO_F446RE -c -I"D:/Embedded/Driver_development/stm32f4466xx_drivers/drivers/Inc" -I../Inc -O0 -ffunction-sections -fdata-sections -Wall -fstack-usage -fcyclomatic-complexity -MMD -MP -MF"Src/sysmem.d" -MT"Src/sysmem.o" --specs=nano.specs -mfpu=fpv4-sp-d16 -mfloat-abi=hard -mthumb -o "Src/sysmem.o"
arm-none-eabi-gcc -o "stm32f4466xx_drivers.elf" @"objects.list"   -mcpu=cortex-m4 -T"D:\Embedded\Driver_development\stm32f4466xx_drivers\STM32F446RETX_FLASH.ld" --specs=nosys.specs -Wl,-Map="stm32f4466xx_drivers.map" -Wl,--gc-sections -static -specs=rdimon.specs -lc -lrdimon --specs=nano.specs -mfpu=fpv4-sp-d16 -mfloat-abi=hard -mthumb -Wl,--start-group -lc -lm -Wl,--end-group
Finished building target: stm32f4466xx_drivers.elf
 
arm-none-eabi-size  stm32f4466xx_drivers.elf 
arm-none-eabi-objdump -h -S stm32f4466xx_drivers.elf  > "stm32f4466xx_drivers.list"
   text	   data	    bss	    dec	    hex	filename
   3740	   1044	   1580	   6364	   18dc	stm32f4466xx_drivers.elf
Finished building: default.size.stdout
 
Finished building: stm32f4466xx_drivers.list
 
13:30:47 **** Incremental Build of configuration Debug for project stm32f4466xx_drivers ****
make -j12 all 
arm-none-eabi-gcc "../drivers/Src/stm32f4466xx_gpio_driver.c" -mcpu=cortex-m4 -std=gnu11 -g3 -DDEBUG -DSTM32 -DSTM32F4 -DSTM32F446RETx -DNUCLEO_F446RE -c -I"D:/Embedded/Driver_development/stm32f4466xx_drivers/drivers/Inc" -I../Inc -O0 -ffunction-sections -fdata-sections -Wall -fstack-usage -fcyclomatic-complexity -MMD -MP -MF"drivers/Src/stm32f4466xx_gpio_driver.d" -MT"drivers/Src/stm32f4466xx_gpio_driver.o" --specs=nano.specs -mfpu=fpv4-sp-d16 -mfloat-abi=hard -mthumb -o "drivers/Src/stm32f4466xx_gpio_driver.o"
arm-none-eabi-gcc "../drivers/Src/stm32f4466xx_i2c_driver.c" -mcpu=cortex-m4 -std=gnu11 -g3 -DDEBUG -DSTM32 -DSTM32F4 -DSTM32F446RETx -DNUCLEO_F446RE -c -I"D:/Embedded/Driver_development/stm32f4466xx_drivers/drivers/Inc" -I../Inc -O0 -ffunction-sections -fdata-sections -Wall -fstack-usage -fcyclomatic-complexity -MMD -MP -MF"drivers/Src/stm32f4466xx_i2c_driver.d" -MT"drivers/Src/stm32f4466xx_i2c_driver.o" --specs=nano.specs -mfpu=fpv4-sp-d16 -mfloat-abi=hard -mthumb -o "drivers/Src/stm32f4466xx_i2c_driver.o"
arm-none-eabi-gcc "../drivers/Src/stm32f4466xx_rcc_driver.c" -mcpu=cortex-m4 -std=gnu11 -g3 -DDEBUG -DSTM32 -DSTM32F4 -DSTM32F446RETx -DNUCLEO_F446RE -c -I"D:/Embedded/Driver_development/stm32f4466xx_drivers/drivers/Inc" -I../Inc -O0 -ffunction-sections -fdata-sections -Wall -fstack-usage -fcyclomatic-complexity -MMD -MP -MF"drivers/Src/stm32f4466xx_rcc_driver.d" -MT"drivers/Src/stm32f4466xx_rcc_driver.o" --specs=nano.specs -mfpu=fpv4-sp-d16 -mfloat-abi=hard -mthumb -o "drivers/Src/stm32f4466xx_rcc_driver.o"
arm-none-eabi-gcc "../drivers/Src/stm32f4466xx_spi_driver.c" -mcpu=cortex-m4 -std=gnu11 -g3 -DDEBUG -DSTM32 -DSTM32F4 -DSTM32F446RETx -DNUCLEO_F446RE -c -I"D:/Embedded/Driver_development/stm32f4466xx_drivers/drivers/Inc" -I../Inc -O0 -ffunction-sections -fdata-sections -Wall -fstack-usage -fcyclomatic-complexity -MMD -MP -MF"drivers/Src/stm32f4466xx_spi_driver.d" -MT"drivers/Src/stm32f4466xx_spi_driver.o" --specs=nano.specs -mfpu=fpv4-sp-d16 -mfloat-abi=hard -mthumb -o "drivers/Src/stm32f4466xx_spi_driver.o"
arm-none-eabi-gcc "../drivers/Src/stm32f4466xx_usart_driver.c" -mcpu=cortex-m4 -std=gnu11 -g3 -DDEBUG -DSTM32 -DSTM32F4 -DSTM32F446RETx -DNUCLEO_F446RE -c -I"D:/Embedded/Driver_development/stm32f4466xx_drivers/drivers/Inc" -I../Inc -O0 -ffunction-sections -fdata-sections -Wall -fstack-usage -fcyclomatic-complexity -MMD -MP -MF"drivers/Src/stm32f4466xx_usart_driver.d" -MT"drivers/Src/stm32f4466xx_usart_driver.o" --specs=nano.specs -mfpu=fpv4-sp-d16 -mfloat-abi=hard -mthumb -o "drivers/Src/stm32f4466xx_usart_driver.o"
arm-none-eabi-gcc "../Src/015uart_tx.c" -mcpu=cortex-m4 -std=gnu11 -g3 -DDEBUG -DSTM32 -DSTM32F4 -DSTM32F446RETx -DNUCLEO_F446RE -c -I"D:/Embedded/Driver_development/stm32f4466xx_drivers/drivers/Inc" -I../Inc -O0 -ffunction-sections -fdata-sections -Wall -fstack-usage -fcyclomatic-complexity -MMD -MP -MF"Src/015uart_tx.d" -MT"Src/015uart_tx.o" --specs=nano.specs -mfpu=fpv4-sp-d16 -mfloat-abi=hard -mthumb -o "Src/015uart_tx.o"
arm-none-eabi-gcc -o "stm32f4466xx_drivers.elf" @"objects.list"   -mcpu=cortex-m4 -T"D:\Embedded\Driver_development\stm32f4466xx_drivers\STM32F446RETX_FLASH.ld" --specs=nosys.specs -Wl,-Map="stm32f4466xx_drivers.map" -Wl,--gc-sections -static -specs=rdimon.specs -lc -lrdimon --specs=nano.specs -mfpu=fpv4-sp-d16 -mfloat-abi=hard -mthumb -Wl,--start-group -lc -lm -Wl,--end-group
Finished building target: stm32f4466xx_drivers.elf
 
arm-none-eabi-size  stm32f4466xx_drivers.elf 
arm-none-eabi-objdump -h -S stm32f4466xx_drivers.elf  > "stm32f4466xx_drivers.list"
   text	   data	    bss	    dec	    hex	filename
   3740	   1044	   1604	   6388	   18f4	stm32f4466xx_drivers.elf
Finished building: default.size.stdout
 
Finished building: stm32f4466xx_drivers.list
 
13:32:11 **** Clean-only build of configuration Debug for project stm32f4466xx_drivers ****
make -j12 clean 
rm -rf ./drivers/Src/stm32f4466xx_gpio_driver.cyclo ./drivers/Src/stm32f4466xx_gpio_driver.d ./drivers/Src/stm32f4466xx_gpio_driver.o ./drivers/Src/stm32f4466xx_gpio_driver.su ./drivers/Src/stm32f4466xx_i2c_driver.cyclo ./drivers/Src/stm32f4466xx_i2c_driver.d ./drivers/Src/stm32f4466xx_i2c_driver.o ./drivers/Src/stm32f4466xx_i2c_driver.su ./drivers/Src/stm32f4466xx_rcc_driver.cyclo ./drivers/Src/stm32f4466xx_rcc_driver.d ./drivers/Src/stm32f4466xx_rcc_driver.o ./drivers/Src/stm32f4466xx_rcc_driver.su ./drivers/Src/stm32f4466xx_spi_driver.cyclo ./drivers/Src/stm32f4466xx_spi_driver.d ./drivers/Src/stm32f4466xx_spi_driver.o ./drivers/Src/stm32f4466xx_spi_driver.su ./drivers/Src/stm32f4466xx_usart_driver.cyclo ./drivers/Src/stm32f4466xx_usart_driver.d ./drivers/Src/stm32f4466xx_usart_driver.o ./drivers/Src/stm32f4466xx_usart_driver.su
rm -rf ./Startup/startup_stm32f446retx.d ./Startup/startup_stm32f446retx.o
rm -rf ./Src/015uart_tx.cyclo ./Src/015uart_tx.d ./Src/015uart_tx.o ./Src/015uart_tx.su ./Src/sysmem.cyclo ./Src/sysmem.d ./Src/sysmem.o ./Src/sysmem.su
rm -rf default.size.stdout stm32f4466xx_drivers.elf stm32f4466xx_drivers.list stm32f4466xx_drivers.map
rm: can't remove 'stm32f4466xx_drivers.elf': Permission denied
make: [makefile:80: clean] Error 1 (ignored)
 
13:32:11 **** Incremental Build of configuration Debug for project stm32f4466xx_drivers ****
make -j12 all 
arm-none-eabi-gcc "../drivers/Src/stm32f4466xx_gpio_driver.c" -mcpu=cortex-m4 -std=gnu11 -g3 -DDEBUG -DSTM32 -DSTM32F4 -DSTM32F446RETx -DNUCLEO_F446RE -c -I"D:/Embedded/Driver_development/stm32f4466xx_drivers/drivers/Inc" -I../Inc -O0 -ffunction-sections -fdata-sections -Wall -fstack-usage -fcyclomatic-complexity -MMD -MP -MF"drivers/Src/stm32f4466xx_gpio_driver.d" -MT"drivers/Src/stm32f4466xx_gpio_driver.o" --specs=nano.specs -mfpu=fpv4-sp-d16 -mfloat-abi=hard -mthumb -o "drivers/Src/stm32f4466xx_gpio_driver.o"
arm-none-eabi-gcc "../drivers/Src/stm32f4466xx_i2c_driver.c" -mcpu=cortex-m4 -std=gnu11 -g3 -DDEBUG -DSTM32 -DSTM32F4 -DSTM32F446RETx -DNUCLEO_F446RE -c -I"D:/Embedded/Driver_development/stm32f4466xx_drivers/drivers/Inc" -I../Inc -O0 -ffunction-sections -fdata-sections -Wall -fstack-usage -fcyclomatic-complexity -MMD -MP -MF"drivers/Src/stm32f4466xx_i2c_driver.d" -MT"drivers/Src/stm32f4466xx_i2c_driver.o" --specs=nano.specs -mfpu=fpv4-sp-d16 -mfloat-abi=hard -mthumb -o "drivers/Src/stm32f4466xx_i2c_driver.o"
arm-none-eabi-gcc "../drivers/Src/stm32f4466xx_rcc_driver.c" -mcpu=cortex-m4 -std=gnu11 -g3 -DDEBUG -DSTM32 -DSTM32F4 -DSTM32F446RETx -DNUCLEO_F446RE -c -I"D:/Embedded/Driver_development/stm32f4466xx_drivers/drivers/Inc" -I../Inc -O0 -ffunction-sections -fdata-sections -Wall -fstack-usage -fcyclomatic-complexity -MMD -MP -MF"drivers/Src/stm32f4466xx_rcc_driver.d" -MT"drivers/Src/stm32f4466xx_rcc_driver.o" --specs=nano.specs -mfpu=fpv4-sp-d16 -mfloat-abi=hard -mthumb -o "drivers/Src/stm32f4466xx_rcc_driver.o"
arm-none-eabi-gcc "../drivers/Src/stm32f4466xx_spi_driver.c" -mcpu=cortex-m4 -std=gnu11 -g3 -DDEBUG -DSTM32 -DSTM32F4 -DSTM32F446RETx -DNUCLEO_F446RE -c -I"D:/Embedded/Driver_development/stm32f4466xx_drivers/drivers/Inc" -I../Inc -O0 -ffunction-sections -fdata-sections -Wall -fstack-usage -fcyclomatic-complexity -MMD -MP -MF"drivers/Src/stm32f4466xx_spi_driver.d" -MT"drivers/Src/stm32f4466xx_spi_driver.o" --specs=nano.specs -mfpu=fpv4-sp-d16 -mfloat-abi=hard -mthumb -o "drivers/Src/stm32f4466xx_spi_driver.o"
arm-none-eabi-gcc "../drivers/Src/stm32f4466xx_usart_driver.c" -mcpu=cortex-m4 -std=gnu11 -g3 -DDEBUG -DSTM32 -DSTM32F4 -DSTM32F446RETx -DNUCLEO_F446RE -c -I"D:/Embedded/Driver_development/stm32f4466xx_drivers/drivers/Inc" -I../Inc -O0 -ffunction-sections -fdata-sections -Wall -fstack-usage -fcyclomatic-complexity -MMD -MP -MF"drivers/Src/stm32f4466xx_usart_driver.d" -MT"drivers/Src/stm32f4466xx_usart_driver.o" --specs=nano.specs -mfpu=fpv4-sp-d16 -mfloat-abi=hard -mthumb -o "drivers/Src/stm32f4466xx_usart_driver.o"
arm-none-eabi-gcc -mcpu=cortex-m4 -g3 -DDEBUG -c -x assembler-with-cpp -MMD -MP -MF"Startup/startup_stm32f446retx.d" -MT"Startup/startup_stm32f446retx.o" --specs=nano.specs -mfpu=fpv4-sp-d16 -mfloat-abi=hard -mthumb -o "Startup/startup_stm32f446retx.o" "../Startup/startup_stm32f446retx.s"
arm-none-eabi-gcc "../Src/016uart_case.c" -mcpu=cortex-m4 -std=gnu11 -g3 -DDEBUG -DSTM32 -DSTM32F4 -DSTM32F446RETx -DNUCLEO_F446RE -c -I"D:/Embedded/Driver_development/stm32f4466xx_drivers/drivers/Inc" -I../Inc -O0 -ffunction-sections -fdata-sections -Wall -fstack-usage -fcyclomatic-complexity -MMD -MP -MF"Src/016uart_case.d" -MT"Src/016uart_case.o" --specs=nano.specs -mfpu=fpv4-sp-d16 -mfloat-abi=hard -mthumb -o "Src/016uart_case.o"
arm-none-eabi-gcc "../Src/sysmem.c" -mcpu=cortex-m4 -std=gnu11 -g3 -DDEBUG -DSTM32 -DSTM32F4 -DSTM32F446RETx -DNUCLEO_F446RE -c -I"D:/Embedded/Driver_development/stm32f4466xx_drivers/drivers/Inc" -I../Inc -O0 -ffunction-sections -fdata-sections -Wall -fstack-usage -fcyclomatic-complexity -MMD -MP -MF"Src/sysmem.d" -MT"Src/sysmem.o" --specs=nano.specs -mfpu=fpv4-sp-d16 -mfloat-abi=hard -mthumb -o "Src/sysmem.o"
../Src/016uart_case.c: In function 'main':
../Src/016uart_case.c:124:60: warning: pointer targets in passing argument 2 of 'USART_ReceiveDataIT' differ in signedness [-Wpointer-sign]
  124 |                 while ( USART_ReceiveDataIT(&usart2_handle,rx_buf,strlen(msg[cnt])) != USART_READY );
      |                                                            ^~~~~~
      |                                                            |
      |                                                            char *
In file included from D:/Embedded/Driver_development/stm32f4466xx_drivers/drivers/Inc/stm32f4466xx.h:657,
                 from ../Src/016uart_case.c:11:
D:/Embedded/Driver_development/stm32f4466xx_drivers/drivers/Inc/stm32f4466xx_usart_driver.h:130:67: note: expected 'uint8_t *' {aka 'unsigned char *'} but argument is of type 'char *'
  130 | uint8_t USART_ReceiveDataIT(USART_Handle_t *pUSARTHandle,uint8_t *pRxBuffer, uint32_t Len);
      |                                                          ~~~~~~~~~^~~~~~~~~
arm-none-eabi-gcc -o "stm32f4466xx_drivers.elf" @"objects.list"   -mcpu=cortex-m4 -T"D:\Embedded\Driver_development\stm32f4466xx_drivers\STM32F446RETX_FLASH.ld" --specs=nosys.specs -Wl,-Map="stm32f4466xx_drivers.map" -Wl,--gc-sections -static -specs=rdimon.specs -lc -lrdimon --specs=nano.specs -mfpu=fpv4-sp-d16 -mfloat-abi=hard -mthumb -Wl,--start-group -lc -lm -Wl,--end-group
C:/ST/STM32CubeIDE_1.19.0/STM32CubeIDE/plugins/com.st.stm32cube.ide.mcu.externaltools.gnu-tools-for-stm32.13.3.rel1.win32_1.0.0.202411081344/tools/bin/../lib/gcc/arm-none-eabi/13.3.1/../../../../arm-none-eabi/bin/ld.exe: ./Src/016uart_case.o: in function `USART2_IRQHandler':
D:/Embedded/Driver_development/stm32f4466xx_drivers/Debug/../Src/016uart_case.c:156:(.text.USART2_IRQHandler+0x6): undefined reference to `USART_IRQHandling'
collect2.exe: error: ld returned 1 exit status
make: *** [makefile:64: stm32f4466xx_drivers.elf] Error 1
"make -j12 all" terminated with exit code 2. Build might be incomplete.
13:36:15 **** Incremental Build of configuration Debug for project stm32f4466xx_drivers ****
make -j12 all 
arm-none-eabi-gcc "../Src/016uart_case.c" -mcpu=cortex-m4 -std=gnu11 -g3 -DDEBUG -DSTM32 -DSTM32F4 -DSTM32F446RETx -DNUCLEO_F446RE -c -I"D:/Embedded/Driver_development/stm32f4466xx_drivers/drivers/Inc" -I../Inc -O0 -ffunction-sections -fdata-sections -Wall -fstack-usage -fcyclomatic-complexity -MMD -MP -MF"Src/016uart_case.d" -MT"Src/016uart_case.o" --specs=nano.specs -mfpu=fpv4-sp-d16 -mfloat-abi=hard -mthumb -o "Src/016uart_case.o"
arm-none-eabi-gcc -o "stm32f4466xx_drivers.elf" @"objects.list"   -mcpu=cortex-m4 -T"D:\Embedded\Driver_development\stm32f4466xx_drivers\STM32F446RETX_FLASH.ld" --specs=nosys.specs -Wl,-Map="stm32f4466xx_drivers.map" -Wl,--gc-sections -static -specs=rdimon.specs -lc -lrdimon --specs=nano.specs -mfpu=fpv4-sp-d16 -mfloat-abi=hard -mthumb -Wl,--start-group -lc -lm -Wl,--end-group
C:/ST/STM32CubeIDE_1.19.0/STM32CubeIDE/plugins/com.st.stm32cube.ide.mcu.externaltools.gnu-tools-for-stm32.13.3.rel1.win32_1.0.0.202411081344/tools/bin/../lib/gcc/arm-none-eabi/13.3.1/../../../../arm-none-eabi/bin/ld.exe: ./Src/016uart_case.o: in function `USART2_IRQHandler':
D:/Embedded/Driver_development/stm32f4466xx_drivers/Debug/../Src/016uart_case.c:156:(.text.USART2_IRQHandler+0x6): undefined reference to `USART_IRQHandling'
collect2.exe: error: ld returned 1 exit status
make: *** [makefile:64: stm32f4466xx_drivers.elf] Error 1
"make -j12 all" terminated with exit code 2. Build might be incomplete.
13:40:29 **** Incremental Build of configuration Debug for project stm32f4466xx_drivers ****
make -j12 all 
arm-none-eabi-gcc "../drivers/Src/stm32f4466xx_i2c_driver.c" -mcpu=cortex-m4 -std=gnu11 -g3 -DDEBUG -DSTM32 -DSTM32F4 -DSTM32F446RETx -DNUCLEO_F446RE -c -I"D:/Embedded/Driver_development/stm32f4466xx_drivers/drivers/Inc" -I../Inc -O0 -ffunction-sections -fdata-sections -Wall -fstack-usage -fcyclomatic-complexity -MMD -MP -MF"drivers/Src/stm32f4466xx_i2c_driver.d" -MT"drivers/Src/stm32f4466xx_i2c_driver.o" --specs=nano.specs -mfpu=fpv4-sp-d16 -mfloat-abi=hard -mthumb -o "drivers/Src/stm32f4466xx_i2c_driver.o"
arm-none-eabi-gcc "../drivers/Src/stm32f4466xx_spi_driver.c" -mcpu=cortex-m4 -std=gnu11 -g3 -DDEBUG -DSTM32 -DSTM32F4 -DSTM32F446RETx -DNUCLEO_F446RE -c -I"D:/Embedded/Driver_development/stm32f4466xx_drivers/drivers/Inc" -I../Inc -O0 -ffunction-sections -fdata-sections -Wall -fstack-usage -fcyclomatic-complexity -MMD -MP -MF"drivers/Src/stm32f4466xx_spi_driver.d" -MT"drivers/Src/stm32f4466xx_spi_driver.o" --specs=nano.specs -mfpu=fpv4-sp-d16 -mfloat-abi=hard -mthumb -o "drivers/Src/stm32f4466xx_spi_driver.o"
arm-none-eabi-gcc "../drivers/Src/stm32f4466xx_usart_driver.c" -mcpu=cortex-m4 -std=gnu11 -g3 -DDEBUG -DSTM32 -DSTM32F4 -DSTM32F446RETx -DNUCLEO_F446RE -c -I"D:/Embedded/Driver_development/stm32f4466xx_drivers/drivers/Inc" -I../Inc -O0 -ffunction-sections -fdata-sections -Wall -fstack-usage -fcyclomatic-complexity -MMD -MP -MF"drivers/Src/stm32f4466xx_usart_driver.d" -MT"drivers/Src/stm32f4466xx_usart_driver.o" --specs=nano.specs -mfpu=fpv4-sp-d16 -mfloat-abi=hard -mthumb -o "drivers/Src/stm32f4466xx_usart_driver.o"
../drivers/Src/stm32f4466xx_usart_driver.c: In function 'USART_IRQHandling':
../drivers/Src/stm32f4466xx_usart_driver.c:606:33: warning: variable 'temp3' set but not used [-Wunused-but-set-variable]
  606 |         uint32_t temp1 , temp2, temp3;
      |                                 ^~~~~
arm-none-eabi-gcc -o "stm32f4466xx_drivers.elf" @"objects.list"   -mcpu=cortex-m4 -T"D:\Embedded\Driver_development\stm32f4466xx_drivers\STM32F446RETX_FLASH.ld" --specs=nosys.specs -Wl,-Map="stm32f4466xx_drivers.map" -Wl,--gc-sections -static -specs=rdimon.specs -lc -lrdimon --specs=nano.specs -mfpu=fpv4-sp-d16 -mfloat-abi=hard -mthumb -Wl,--start-group -lc -lm -Wl,--end-group
Finished building target: stm32f4466xx_drivers.elf
 
arm-none-eabi-size  stm32f4466xx_drivers.elf 
arm-none-eabi-objdump -h -S stm32f4466xx_drivers.elf  > "stm32f4466xx_drivers.list"
   text	   data	    bss	    dec	    hex	filename
  10668	    132	   3140	  13940	   3674	stm32f4466xx_drivers.elf
Finished building: default.size.stdout
 
Finished building: stm32f4466xx_drivers.list
 
13:42:04 **** Incremental Build of configuration Debug for project stm32f4466xx_drivers ****
make -j12 all 
arm-none-eabi-gcc "../drivers/Src/stm32f4466xx_usart_driver.c" -mcpu=cortex-m4 -std=gnu11 -g3 -DDEBUG -DSTM32 -DSTM32F4 -DSTM32F446RETx -DNUCLEO_F446RE -c -I"D:/Embedded/Driver_development/stm32f4466xx_drivers/drivers/Inc" -I../Inc -O0 -ffunction-sections -fdata-sections -Wall -fstack-usage -fcyclomatic-complexity -MMD -MP -MF"drivers/Src/stm32f4466xx_usart_driver.d" -MT"drivers/Src/stm32f4466xx_usart_driver.o" --specs=nano.specs -mfpu=fpv4-sp-d16 -mfloat-abi=hard -mthumb -o "drivers/Src/stm32f4466xx_usart_driver.o"
arm-none-eabi-gcc -o "stm32f4466xx_drivers.elf" @"objects.list"   -mcpu=cortex-m4 -T"D:\Embedded\Driver_development\stm32f4466xx_drivers\STM32F446RETX_FLASH.ld" --specs=nosys.specs -Wl,-Map="stm32f4466xx_drivers.map" -Wl,--gc-sections -static -specs=rdimon.specs -lc -lrdimon --specs=nano.specs -mfpu=fpv4-sp-d16 -mfloat-abi=hard -mthumb -Wl,--start-group -lc -lm -Wl,--end-group
Finished building target: stm32f4466xx_drivers.elf
 
arm-none-eabi-size  stm32f4466xx_drivers.elf 
arm-none-eabi-objdump -h -S stm32f4466xx_drivers.elf  > "stm32f4466xx_drivers.list"
   text	   data	    bss	    dec	    hex	filename
  10668	    132	   3140	  13940	   3674	stm32f4466xx_drivers.elf
Finished building: default.size.stdout
 
Finished building: stm32f4466xx_drivers.list
 
